<?xml version="1.0" encoding="UTF-8"?>
<testsuite name="com.sparta.serviceteam4444.ServiceTeam4444ApplicationTests" tests="1" skipped="0" failures="0" errors="0" timestamp="2023-02-07T03:30:43" hostname="DESKTOP-43G9AKL" time="2.018">
  <properties/>
  <testcase name="contextLoads()" classname="com.sparta.serviceteam4444.ServiceTeam4444ApplicationTests" time="2.018"/>
  <system-out><![CDATA[12:30:11.938 [Test worker] DEBUG org.springframework.test.context.BootstrapUtils - Instantiating CacheAwareContextLoaderDelegate from class [org.springframework.test.context.cache.DefaultCacheAwareContextLoaderDelegate]
12:30:12.003 [Test worker] DEBUG org.springframework.test.context.BootstrapUtils - Instantiating BootstrapContext using constructor [public org.springframework.test.context.support.DefaultBootstrapContext(java.lang.Class,org.springframework.test.context.CacheAwareContextLoaderDelegate)]
12:30:12.184 [Test worker] DEBUG org.springframework.test.context.BootstrapUtils - Instantiating TestContextBootstrapper for test class [com.sparta.serviceteam4444.ServiceTeam4444ApplicationTests] from class [org.springframework.boot.test.context.SpringBootTestContextBootstrapper]
12:30:12.220 [Test worker] INFO org.springframework.boot.test.context.SpringBootTestContextBootstrapper - Neither @ContextConfiguration nor @ContextHierarchy found for test class [com.sparta.serviceteam4444.ServiceTeam4444ApplicationTests], using SpringBootContextLoader
12:30:12.238 [Test worker] DEBUG org.springframework.test.context.support.AbstractContextLoader - Did not detect default resource location for test class [com.sparta.serviceteam4444.ServiceTeam4444ApplicationTests]: class path resource [com/sparta/serviceteam4444/ServiceTeam4444ApplicationTests-context.xml] does not exist
12:30:12.240 [Test worker] DEBUG org.springframework.test.context.support.AbstractContextLoader - Did not detect default resource location for test class [com.sparta.serviceteam4444.ServiceTeam4444ApplicationTests]: class path resource [com/sparta/serviceteam4444/ServiceTeam4444ApplicationTestsContext.groovy] does not exist
12:30:12.240 [Test worker] INFO org.springframework.test.context.support.AbstractContextLoader - Could not detect default resource locations for test class [com.sparta.serviceteam4444.ServiceTeam4444ApplicationTests]: no resource found for suffixes {-context.xml, Context.groovy}.
12:30:12.243 [Test worker] INFO org.springframework.test.context.support.AnnotationConfigContextLoaderUtils - Could not detect default configuration classes for test class [com.sparta.serviceteam4444.ServiceTeam4444ApplicationTests]: ServiceTeam4444ApplicationTests does not declare any static, non-private, non-final, nested classes annotated with @Configuration.
12:30:12.428 [Test worker] DEBUG org.springframework.test.context.support.ActiveProfilesUtils - Could not find an 'annotation declaring class' for annotation type [org.springframework.test.context.ActiveProfiles] and class [com.sparta.serviceteam4444.ServiceTeam4444ApplicationTests]
12:30:12.658 [Test worker] DEBUG org.springframework.context.annotation.ClassPathScanningCandidateComponentProvider - Identified candidate component class: file [C:\study_spring\cocodingding\build\classes\java\main\com\sparta\serviceteam4444\ServiceTeam4444Application.class]
12:30:12.663 [Test worker] INFO org.springframework.boot.test.context.SpringBootTestContextBootstrapper - Found @SpringBootConfiguration com.sparta.serviceteam4444.ServiceTeam4444Application for test class com.sparta.serviceteam4444.ServiceTeam4444ApplicationTests
12:30:13.129 [Test worker] DEBUG org.springframework.boot.test.context.SpringBootTestContextBootstrapper - @TestExecutionListeners is not present for class [com.sparta.serviceteam4444.ServiceTeam4444ApplicationTests]: using defaults.
12:30:13.132 [Test worker] INFO org.springframework.boot.test.context.SpringBootTestContextBootstrapper - Loaded default TestExecutionListener class names from location [META-INF/spring.factories]: [org.springframework.security.test.context.support.WithSecurityContextTestExecutionListener, org.springframework.security.test.context.support.ReactorContextTestExecutionListener, org.springframework.boot.test.autoconfigure.restdocs.RestDocsTestExecutionListener, org.springframework.boot.test.autoconfigure.web.client.MockRestServiceServerResetTestExecutionListener, org.springframework.boot.test.autoconfigure.web.servlet.MockMvcPrintOnlyOnFailureTestExecutionListener, org.springframework.boot.test.autoconfigure.web.servlet.WebDriverTestExecutionListener, org.springframework.boot.test.autoconfigure.webservices.client.MockWebServiceServerTestExecutionListener, org.springframework.boot.test.mock.mockito.MockitoTestExecutionListener, org.springframework.boot.test.mock.mockito.ResetMocksTestExecutionListener, org.springframework.test.context.web.ServletTestExecutionListener, org.springframework.test.context.support.DirtiesContextBeforeModesTestExecutionListener, org.springframework.test.context.event.ApplicationEventsTestExecutionListener, org.springframework.test.context.support.DependencyInjectionTestExecutionListener, org.springframework.test.context.support.DirtiesContextTestExecutionListener, org.springframework.test.context.transaction.TransactionalTestExecutionListener, org.springframework.test.context.jdbc.SqlScriptsTestExecutionListener, org.springframework.test.context.event.EventPublishingTestExecutionListener]
12:30:13.236 [Test worker] INFO org.springframework.boot.test.context.SpringBootTestContextBootstrapper - Using TestExecutionListeners: [org.springframework.test.context.web.ServletTestExecutionListener@2ce86164, org.springframework.test.context.support.DirtiesContextBeforeModesTestExecutionListener@5e8f9e2d, org.springframework.test.context.event.ApplicationEventsTestExecutionListener@51df223b, org.springframework.boot.test.mock.mockito.MockitoTestExecutionListener@fd46303, org.springframework.boot.test.autoconfigure.SpringBootDependencyInjectionTestExecutionListener@60d8c0dc, org.springframework.test.context.support.DirtiesContextTestExecutionListener@4204541c, org.springframework.test.context.transaction.TransactionalTestExecutionListener@6a62689d, org.springframework.test.context.jdbc.SqlScriptsTestExecutionListener@4602c2a9, org.springframework.security.test.context.support.WithSecurityContextTestExecutionListener@60fa3495, org.springframework.test.context.event.EventPublishingTestExecutionListener@3e2822, org.springframework.security.test.context.support.ReactorContextTestExecutionListener@79e18e38, org.springframework.boot.test.autoconfigure.restdocs.RestDocsTestExecutionListener@29a60c27, org.springframework.boot.test.autoconfigure.web.client.MockRestServiceServerResetTestExecutionListener@1849db1a, org.springframework.boot.test.autoconfigure.web.servlet.MockMvcPrintOnlyOnFailureTestExecutionListener@69c79f09, org.springframework.boot.test.autoconfigure.web.servlet.WebDriverTestExecutionListener@1ca25c47, org.springframework.boot.test.autoconfigure.webservices.client.MockWebServiceServerTestExecutionListener@5fcacc0, org.springframework.boot.test.mock.mockito.ResetMocksTestExecutionListener@533b266e]
12:30:13.265 [Test worker] DEBUG org.springframework.test.context.support.AbstractDirtiesContextTestExecutionListener - Before test class: context [DefaultTestContext@60bdf15d testClass = ServiceTeam4444ApplicationTests, testInstance = [null], testMethod = [null], testException = [null], mergedContextConfiguration = [WebMergedContextConfiguration@47da3952 testClass = ServiceTeam4444ApplicationTests, locations = '{}', classes = '{class com.sparta.serviceteam4444.ServiceTeam4444Application}', contextInitializerClasses = '[]', activeProfiles = '{}', propertySourceLocations = '{}', propertySourceProperties = '{org.springframework.boot.test.context.SpringBootTestContextBootstrapper=true}', contextCustomizers = set[org.springframework.boot.test.autoconfigure.actuate.metrics.MetricsExportContextCustomizerFactory$DisableMetricExportContextCustomizer@66ac5762, org.springframework.boot.test.autoconfigure.properties.PropertyMappingContextCustomizer@0, org.springframework.boot.test.autoconfigure.web.servlet.WebDriverContextCustomizerFactory$Customizer@6aa3a905, org.springframework.boot.test.context.filter.ExcludeFilterContextCustomizer@324a0017, org.springframework.boot.test.json.DuplicateJsonObjectContextCustomizerFactory$DuplicateJsonObjectContextCustomizer@487db668, org.springframework.boot.test.mock.mockito.MockitoContextCustomizer@0, org.springframework.boot.test.web.client.TestRestTemplateContextCustomizer@126945f9, org.springframework.boot.test.context.SpringBootTestArgs@1, org.springframework.boot.test.context.SpringBootTestWebEnvironment@618425b5], resourceBasePath = 'src/main/webapp', contextLoader = 'org.springframework.boot.test.context.SpringBootContextLoader', parent = [null]], attributes = map['org.springframework.test.context.web.ServletTestExecutionListener.activateListener' -> true]], class annotated with @DirtiesContext [false] with mode [null].

  .   ____          _            __ _ _
 /\\ / ___'_ __ _ _(_)_ __  __ _ \ \ \ \
( ( )\___ | '_ | '_| | '_ \/ _` | \ \ \ \
 \\/  ___)| |_)| | | | | || (_| |  ) ) ) )
  '  |____| .__|_| |_|_| |_\__, | / / / /
 =========|_|==============|___/=/_/_/_/
 :: Spring Boot ::                (v2.7.8)

2023-02-07 12:30:14.835  INFO 25928 --- [    Test worker] c.s.s.ServiceTeam4444ApplicationTests    : Starting ServiceTeam4444ApplicationTests using Java 17.0.5 on DESKTOP-43G9AKL with PID 25928 (started by 김현우 in C:\study_spring\cocodingding)
2023-02-07 12:30:14.839  INFO 25928 --- [    Test worker] c.s.s.ServiceTeam4444ApplicationTests    : The following 1 profile is active: "secret"
2023-02-07 12:30:19.224  INFO 25928 --- [    Test worker] .s.d.r.c.RepositoryConfigurationDelegate : Bootstrapping Spring Data JPA repositories in DEFAULT mode.
2023-02-07 12:30:19.569  INFO 25928 --- [    Test worker] .s.d.r.c.RepositoryConfigurationDelegate : Finished Spring Data repository scanning in 307 ms. Found 1 JPA repository interfaces.
2023-02-07 12:30:22.636  INFO 25928 --- [    Test worker] com.zaxxer.hikari.HikariDataSource       : HikariPool-1 - Starting...
2023-02-07 12:30:23.401  INFO 25928 --- [    Test worker] com.zaxxer.hikari.HikariDataSource       : HikariPool-1 - Start completed.
2023-02-07 12:30:23.683  INFO 25928 --- [    Test worker] o.hibernate.jpa.internal.util.LogHelper  : HHH000204: Processing PersistenceUnitInfo [name: default]
2023-02-07 12:30:24.019  INFO 25928 --- [    Test worker] org.hibernate.Version                    : HHH000412: Hibernate ORM core version 5.6.14.Final
2023-02-07 12:30:25.018  INFO 25928 --- [    Test worker] o.hibernate.annotations.common.Version   : HCANN000001: Hibernate Commons Annotations {5.1.2.Final}
2023-02-07 12:30:25.588  INFO 25928 --- [    Test worker] org.hibernate.dialect.Dialect            : HHH000400: Using dialect: org.hibernate.dialect.H2Dialect
2023-02-07 12:30:27.677  INFO 25928 --- [    Test worker] o.h.e.t.j.p.i.JtaPlatformInitiator       : HHH000490: Using JtaPlatform implementation: [org.hibernate.engine.transaction.jta.platform.internal.NoJtaPlatform]
2023-02-07 12:30:27.710  INFO 25928 --- [    Test worker] j.LocalContainerEntityManagerFactoryBean : Initialized JPA EntityManagerFactory for persistence unit 'default'
2023-02-07 12:30:30.435  INFO 25928 --- [    Test worker] f.a.AutowiredAnnotationBeanPostProcessor : Autowired annotation is not supported on static fields: private static java.lang.String com.sparta.serviceteam4444.user.service.UserService.ADMIN_TOKEN
2023-02-07 12:30:32.422  WARN 25928 --- [    Test worker] JpaBaseConfiguration$JpaWebConfiguration : spring.jpa.open-in-view is enabled by default. Therefore, database queries may be performed during view rendering. Explicitly configure spring.jpa.open-in-view to disable this warning
2023-02-07 12:30:32.989  INFO 25928 --- [    Test worker] o.s.b.a.h2.H2ConsoleAutoConfiguration    : H2 console available at '/h2-console'. Database available at 'jdbc:h2:mem:db'
2023-02-07 12:30:34.447  INFO 25928 --- [    Test worker] pertySourcedRequestMappingHandlerMapping : Mapped URL path [/v2/api-docs] onto method [springfox.documentation.swagger2.web.Swagger2Controller#getDocumentation(String, HttpServletRequest)]
2023-02-07 12:30:36.079  INFO 25928 --- [    Test worker] o.s.s.web.DefaultSecurityFilterChain     : Will secure any request with [org.springframework.security.web.session.DisableEncodeUrlFilter@31dbca5d, org.springframework.security.web.context.request.async.WebAsyncManagerIntegrationFilter@40c92dfa, org.springframework.security.web.context.SecurityContextPersistenceFilter@31beb0d0, org.springframework.security.web.header.HeaderWriterFilter@7f69c4c0, org.springframework.web.filter.CorsFilter@16b713dd, org.springframework.security.web.authentication.logout.LogoutFilter@2a045e85, com.sparta.serviceteam4444.jwt.JwtAuthFilter@379df603, org.springframework.security.web.savedrequest.RequestCacheAwareFilter@4131f6db, org.springframework.security.web.servletapi.SecurityContextHolderAwareRequestFilter@5cdf61d, org.springframework.security.web.authentication.AnonymousAuthenticationFilter@58fb5b8f, org.springframework.security.web.session.SessionManagementFilter@701bd6e8, org.springframework.security.web.access.ExceptionTranslationFilter@3fae357f, org.springframework.security.web.access.intercept.FilterSecurityInterceptor@fe38d1e]
2023-02-07 12:30:36.119  WARN 25928 --- [    Test worker] o.s.s.c.a.web.builders.WebSecurity       : You are asking Spring Security to ignore org.springframework.boot.autoconfigure.security.servlet.PathRequest$H2ConsoleRequestMatcher@29612ee2. This is not recommended -- please use permitAll via HttpSecurity#authorizeHttpRequests instead.
2023-02-07 12:30:36.119  INFO 25928 --- [    Test worker] o.s.s.web.DefaultSecurityFilterChain     : Will not secure org.springframework.boot.autoconfigure.security.servlet.PathRequest$H2ConsoleRequestMatcher@29612ee2
2023-02-07 12:30:36.120  WARN 25928 --- [    Test worker] o.s.s.c.a.web.builders.WebSecurity       : You are asking Spring Security to ignore org.springframework.boot.autoconfigure.security.servlet.StaticResourceRequest$StaticResourceRequestMatcher@3d96b8fb. This is not recommended -- please use permitAll via HttpSecurity#authorizeHttpRequests instead.
2023-02-07 12:30:36.120  INFO 25928 --- [    Test worker] o.s.s.web.DefaultSecurityFilterChain     : Will not secure org.springframework.boot.autoconfigure.security.servlet.StaticResourceRequest$StaticResourceRequestMatcher@3d96b8fb
2023-02-07 12:30:41.182  INFO 25928 --- [    Test worker] d.s.w.p.DocumentationPluginsBootstrapper : Context refreshed
2023-02-07 12:30:41.538  INFO 25928 --- [    Test worker] d.s.w.p.DocumentationPluginsBootstrapper : Found 1 custom documentation plugin(s)
2023-02-07 12:30:41.983  INFO 25928 --- [    Test worker] s.d.s.w.s.ApiListingReferenceScanner     : Scanning for api listing references
2023-02-07 12:30:43.272  INFO 25928 --- [    Test worker] c.s.s.ServiceTeam4444ApplicationTests    : Started ServiceTeam4444ApplicationTests in 29.814 seconds (JVM running for 35.701)
]]></system-out>
  <system-err><![CDATA[]]></system-err>
</testsuite>
