<?xml version="1.0" encoding="UTF-8"?>
<testsuite name="com.sparta.serviceteam4444.user.service.UserServiceTest" tests="3" skipped="0" failures="0" errors="0" timestamp="2023-02-09T05:31:00" hostname="DESKTOP-43G9AKL" time="0.005">
  <properties/>
  <testcase name="signup()" classname="com.sparta.serviceteam4444.user.service.UserServiceTest" time="0.001"/>
  <testcase name="getInfo()" classname="com.sparta.serviceteam4444.user.service.UserServiceTest" time="0.001"/>
  <testcase name="login()" classname="com.sparta.serviceteam4444.user.service.UserServiceTest" time="0.001"/>
  <system-out><![CDATA[]]></system-out>
  <system-err><![CDATA[]]></system-err>
</testsuite>
