<?xml version="1.0" encoding="UTF-8"?>
<testsuite name="com.sparta.serviceteam4444.user.service.UserServiceTest" tests="1" skipped="0" failures="0" errors="0" timestamp="2023-02-04T01:37:05" hostname="KARYUEN-LAPTOP" time="0.052">
  <properties/>
  <testcase name="signup()" classname="com.sparta.serviceteam4444.user.service.UserServiceTest" time="0.052"/>
  <system-out><![CDATA[com.sparta.serviceteam4444.user.entity.User@928763c
]]></system-out>
  <system-err><![CDATA[]]></system-err>
</testsuite>
