<?xml version="1.0" encoding="UTF-8"?>
<testsuite name="com.sparta.serviceteam4444.ServiceTeam4444ApplicationTests" tests="1" skipped="0" failures="0" errors="0" timestamp="2023-02-14T05:44:19" hostname="DESKTOP-43G9AKL" time="0.336">
  <properties/>
  <testcase name="contextLoads()" classname="com.sparta.serviceteam4444.ServiceTeam4444ApplicationTests" time="0.336"/>
  <system-out><![CDATA[14:44:02.637 [Test worker] DEBUG org.springframework.test.context.BootstrapUtils - Instantiating CacheAwareContextLoaderDelegate from class [org.springframework.test.context.cache.DefaultCacheAwareContextLoaderDelegate]
14:44:02.663 [Test worker] DEBUG org.springframework.test.context.BootstrapUtils - Instantiating BootstrapContext using constructor [public org.springframework.test.context.support.DefaultBootstrapContext(java.lang.Class,org.springframework.test.context.CacheAwareContextLoaderDelegate)]
14:44:02.740 [Test worker] DEBUG org.springframework.test.context.BootstrapUtils - Instantiating TestContextBootstrapper for test class [com.sparta.serviceteam4444.ServiceTeam4444ApplicationTests] from class [org.springframework.boot.test.context.SpringBootTestContextBootstrapper]
14:44:02.764 [Test worker] INFO org.springframework.boot.test.context.SpringBootTestContextBootstrapper - Neither @ContextConfiguration nor @ContextHierarchy found for test class [com.sparta.serviceteam4444.ServiceTeam4444ApplicationTests], using SpringBootContextLoader
14:44:02.772 [Test worker] DEBUG org.springframework.test.context.support.AbstractContextLoader - Did not detect default resource location for test class [com.sparta.serviceteam4444.ServiceTeam4444ApplicationTests]: class path resource [com/sparta/serviceteam4444/ServiceTeam4444ApplicationTests-context.xml] does not exist
14:44:02.773 [Test worker] DEBUG org.springframework.test.context.support.AbstractContextLoader - Did not detect default resource location for test class [com.sparta.serviceteam4444.ServiceTeam4444ApplicationTests]: class path resource [com/sparta/serviceteam4444/ServiceTeam4444ApplicationTestsContext.groovy] does not exist
14:44:02.773 [Test worker] INFO org.springframework.test.context.support.AbstractContextLoader - Could not detect default resource locations for test class [com.sparta.serviceteam4444.ServiceTeam4444ApplicationTests]: no resource found for suffixes {-context.xml, Context.groovy}.
14:44:02.774 [Test worker] INFO org.springframework.test.context.support.AnnotationConfigContextLoaderUtils - Could not detect default configuration classes for test class [com.sparta.serviceteam4444.ServiceTeam4444ApplicationTests]: ServiceTeam4444ApplicationTests does not declare any static, non-private, non-final, nested classes annotated with @Configuration.
14:44:02.853 [Test worker] DEBUG org.springframework.test.context.support.ActiveProfilesUtils - Could not find an 'annotation declaring class' for annotation type [org.springframework.test.context.ActiveProfiles] and class [com.sparta.serviceteam4444.ServiceTeam4444ApplicationTests]
14:44:02.966 [Test worker] DEBUG org.springframework.context.annotation.ClassPathScanningCandidateComponentProvider - Identified candidate component class: file [C:\study_spring\cocodingding\build\classes\java\main\com\sparta\serviceteam4444\ServiceTeam4444Application.class]
14:44:02.969 [Test worker] INFO org.springframework.boot.test.context.SpringBootTestContextBootstrapper - Found @SpringBootConfiguration com.sparta.serviceteam4444.ServiceTeam4444Application for test class com.sparta.serviceteam4444.ServiceTeam4444ApplicationTests
14:44:03.195 [Test worker] DEBUG org.springframework.boot.test.context.SpringBootTestContextBootstrapper - @TestExecutionListeners is not present for class [com.sparta.serviceteam4444.ServiceTeam4444ApplicationTests]: using defaults.
14:44:03.196 [Test worker] INFO org.springframework.boot.test.context.SpringBootTestContextBootstrapper - Loaded default TestExecutionListener class names from location [META-INF/spring.factories]: [org.springframework.security.test.context.support.WithSecurityContextTestExecutionListener, org.springframework.security.test.context.support.ReactorContextTestExecutionListener, org.springframework.boot.test.autoconfigure.restdocs.RestDocsTestExecutionListener, org.springframework.boot.test.autoconfigure.web.client.MockRestServiceServerResetTestExecutionListener, org.springframework.boot.test.autoconfigure.web.servlet.MockMvcPrintOnlyOnFailureTestExecutionListener, org.springframework.boot.test.autoconfigure.web.servlet.WebDriverTestExecutionListener, org.springframework.boot.test.autoconfigure.webservices.client.MockWebServiceServerTestExecutionListener, org.springframework.boot.test.mock.mockito.MockitoTestExecutionListener, org.springframework.boot.test.mock.mockito.ResetMocksTestExecutionListener, org.springframework.test.context.web.ServletTestExecutionListener, org.springframework.test.context.support.DirtiesContextBeforeModesTestExecutionListener, org.springframework.test.context.event.ApplicationEventsTestExecutionListener, org.springframework.test.context.support.DependencyInjectionTestExecutionListener, org.springframework.test.context.support.DirtiesContextTestExecutionListener, org.springframework.test.context.transaction.TransactionalTestExecutionListener, org.springframework.test.context.jdbc.SqlScriptsTestExecutionListener, org.springframework.test.context.event.EventPublishingTestExecutionListener]
14:44:03.242 [Test worker] INFO org.springframework.boot.test.context.SpringBootTestContextBootstrapper - Using TestExecutionListeners: [org.springframework.test.context.web.ServletTestExecutionListener@64bc21ac, org.springframework.test.context.support.DirtiesContextBeforeModesTestExecutionListener@493dfb8e, org.springframework.test.context.event.ApplicationEventsTestExecutionListener@5d25e6bb, org.springframework.boot.test.mock.mockito.MockitoTestExecutionListener@ce5a68e, org.springframework.boot.test.autoconfigure.SpringBootDependencyInjectionTestExecutionListener@9d157ff, org.springframework.test.context.support.DirtiesContextTestExecutionListener@2f162cc0, org.springframework.test.context.transaction.TransactionalTestExecutionListener@5df417a7, org.springframework.test.context.jdbc.SqlScriptsTestExecutionListener@7c041b41, org.springframework.security.test.context.support.WithSecurityContextTestExecutionListener@7f69d591, org.springframework.test.context.event.EventPublishingTestExecutionListener@61078690, org.springframework.security.test.context.support.ReactorContextTestExecutionListener@1cb3ec38, org.springframework.boot.test.autoconfigure.restdocs.RestDocsTestExecutionListener@403132fc, org.springframework.boot.test.autoconfigure.web.client.MockRestServiceServerResetTestExecutionListener@71c5b236, org.springframework.boot.test.autoconfigure.web.servlet.MockMvcPrintOnlyOnFailureTestExecutionListener@2cab9998, org.springframework.boot.test.autoconfigure.web.servlet.WebDriverTestExecutionListener@2f7a7219, org.springframework.boot.test.autoconfigure.webservices.client.MockWebServiceServerTestExecutionListener@669513d8, org.springframework.boot.test.mock.mockito.ResetMocksTestExecutionListener@3a1d593e]
14:44:03.251 [Test worker] DEBUG org.springframework.test.context.support.AbstractDirtiesContextTestExecutionListener - Before test class: context [DefaultTestContext@72e34f77 testClass = ServiceTeam4444ApplicationTests, testInstance = [null], testMethod = [null], testException = [null], mergedContextConfiguration = [WebMergedContextConfiguration@7bf9b098 testClass = ServiceTeam4444ApplicationTests, locations = '{}', classes = '{class com.sparta.serviceteam4444.ServiceTeam4444Application}', contextInitializerClasses = '[]', activeProfiles = '{}', propertySourceLocations = '{}', propertySourceProperties = '{org.springframework.boot.test.context.SpringBootTestContextBootstrapper=true}', contextCustomizers = set[org.springframework.boot.test.autoconfigure.actuate.metrics.MetricsExportContextCustomizerFactory$DisableMetricExportContextCustomizer@4758820d, org.springframework.boot.test.autoconfigure.properties.PropertyMappingContextCustomizer@0, org.springframework.boot.test.autoconfigure.web.servlet.WebDriverContextCustomizerFactory$Customizer@93cf163, org.springframework.boot.test.context.filter.ExcludeFilterContextCustomizer@46268f08, org.springframework.boot.test.json.DuplicateJsonObjectContextCustomizerFactory$DuplicateJsonObjectContextCustomizer@623e088f, org.springframework.boot.test.mock.mockito.MockitoContextCustomizer@0, org.springframework.boot.test.web.client.TestRestTemplateContextCustomizer@2d96543c, org.springframework.boot.test.context.SpringBootTestArgs@1, org.springframework.boot.test.context.SpringBootTestWebEnvironment@6e0f5f7f], resourceBasePath = 'src/main/webapp', contextLoader = 'org.springframework.boot.test.context.SpringBootContextLoader', parent = [null]], attributes = map['org.springframework.test.context.web.ServletTestExecutionListener.activateListener' -> true]], class annotated with @DirtiesContext [false] with mode [null].

  .   ____          _            __ _ _
 /\\ / ___'_ __ _ _(_)_ __  __ _ \ \ \ \
( ( )\___ | '_ | '_| | '_ \/ _` | \ \ \ \
 \\/  ___)| |_)| | | | | || (_| |  ) ) ) )
  '  |____| .__|_| |_|_| |_\__, | / / / /
 =========|_|==============|___/=/_/_/_/
 :: Spring Boot ::                (v2.7.8)

2023-02-14 14:44:04.023  INFO 30184 --- [    Test worker] c.s.s.ServiceTeam4444ApplicationTests    : Starting ServiceTeam4444ApplicationTests using Java 17.0.5 on DESKTOP-43G9AKL with PID 30184 (started by 김현우 in C:\study_spring\cocodingding)
2023-02-14 14:44:04.025  INFO 30184 --- [    Test worker] c.s.s.ServiceTeam4444ApplicationTests    : The following 1 profile is active: "secret"
2023-02-14 14:44:06.432  INFO 30184 --- [    Test worker] .s.d.r.c.RepositoryConfigurationDelegate : Bootstrapping Spring Data JPA repositories in DEFAULT mode.
2023-02-14 14:44:06.671  INFO 30184 --- [    Test worker] .s.d.r.c.RepositoryConfigurationDelegate : Finished Spring Data repository scanning in 219 ms. Found 4 JPA repository interfaces.
2023-02-14 14:44:08.401  INFO 30184 --- [    Test worker] o.hibernate.jpa.internal.util.LogHelper  : HHH000204: Processing PersistenceUnitInfo [name: default]
2023-02-14 14:44:08.556  INFO 30184 --- [    Test worker] org.hibernate.Version                    : HHH000412: Hibernate ORM core version 5.6.14.Final
2023-02-14 14:44:09.156  INFO 30184 --- [    Test worker] o.hibernate.annotations.common.Version   : HCANN000001: Hibernate Commons Annotations {5.1.2.Final}
2023-02-14 14:44:09.386  INFO 30184 --- [    Test worker] com.zaxxer.hikari.HikariDataSource       : HikariPool-1 - Starting...
2023-02-14 14:44:09.956  INFO 30184 --- [    Test worker] com.zaxxer.hikari.HikariDataSource       : HikariPool-1 - Start completed.
2023-02-14 14:44:10.068  INFO 30184 --- [    Test worker] org.hibernate.dialect.Dialect            : HHH000400: Using dialect: org.hibernate.dialect.MySQL8Dialect
2023-02-14 14:44:11.692  INFO 30184 --- [    Test worker] o.h.e.t.j.p.i.JtaPlatformInitiator       : HHH000490: Using JtaPlatform implementation: [org.hibernate.engine.transaction.jta.platform.internal.NoJtaPlatform]
2023-02-14 14:44:11.705  INFO 30184 --- [    Test worker] j.LocalContainerEntityManagerFactoryBean : Initialized JPA EntityManagerFactory for persistence unit 'default'
2023-02-14 14:44:13.401  INFO 30184 --- [    Test worker] f.a.AutowiredAnnotationBeanPostProcessor : Autowired annotation is not supported on static fields: private static java.lang.String com.sparta.serviceteam4444.service.user.UserService.ADMIN_TOKEN
2023-02-14 14:44:14.153  WARN 30184 --- [    Test worker] JpaBaseConfiguration$JpaWebConfiguration : spring.jpa.open-in-view is enabled by default. Therefore, database queries may be performed during view rendering. Explicitly configure spring.jpa.open-in-view to disable this warning
2023-02-14 14:44:15.038  INFO 30184 --- [    Test worker] pertySourcedRequestMappingHandlerMapping : Mapped URL path [/v2/api-docs] onto method [springfox.documentation.swagger2.web.Swagger2Controller#getDocumentation(String, HttpServletRequest)]
2023-02-14 14:44:15.974  INFO 30184 --- [    Test worker] o.s.s.web.DefaultSecurityFilterChain     : Will secure any request with [org.springframework.security.web.session.DisableEncodeUrlFilter@6db99c79, org.springframework.security.web.context.request.async.WebAsyncManagerIntegrationFilter@3bb186b, org.springframework.security.web.context.SecurityContextPersistenceFilter@1b26f006, org.springframework.security.web.header.HeaderWriterFilter@3796ff4, org.springframework.web.filter.CorsFilter@8fd3eee, org.springframework.security.web.authentication.logout.LogoutFilter@17fbbf0a, com.sparta.serviceteam4444.jwt.JwtAuthFilter@d9ff1cd, org.springframework.security.web.savedrequest.RequestCacheAwareFilter@ece7204, org.springframework.security.web.servletapi.SecurityContextHolderAwareRequestFilter@22c4151b, org.springframework.security.web.authentication.AnonymousAuthenticationFilter@2c64ee53, org.springframework.security.web.session.SessionManagementFilter@7413c41, org.springframework.security.web.access.ExceptionTranslationFilter@1d9295e2, org.springframework.security.web.access.intercept.FilterSecurityInterceptor@335cd031]
2023-02-14 14:44:16.002  WARN 30184 --- [    Test worker] o.s.s.c.a.web.builders.WebSecurity       : You are asking Spring Security to ignore org.springframework.boot.autoconfigure.security.servlet.StaticResourceRequest$StaticResourceRequestMatcher@62cbe18c. This is not recommended -- please use permitAll via HttpSecurity#authorizeHttpRequests instead.
2023-02-14 14:44:16.002  INFO 30184 --- [    Test worker] o.s.s.web.DefaultSecurityFilterChain     : Will not secure org.springframework.boot.autoconfigure.security.servlet.StaticResourceRequest$StaticResourceRequestMatcher@62cbe18c
2023-02-14 14:44:19.120  INFO 30184 --- [    Test worker] d.s.w.p.DocumentationPluginsBootstrapper : Context refreshed
2023-02-14 14:44:19.195  INFO 30184 --- [    Test worker] d.s.w.p.DocumentationPluginsBootstrapper : Found 1 custom documentation plugin(s)
2023-02-14 14:44:19.290  INFO 30184 --- [    Test worker] s.d.s.w.s.ApiListingReferenceScanner     : Scanning for api listing references
2023-02-14 14:44:19.805  INFO 30184 --- [    Test worker] .d.s.w.r.o.CachingOperationNameGenerator : Generating unique operation named: createRoomUsingPOST_1
2023-02-14 14:44:19.882  INFO 30184 --- [    Test worker] o.s.m.s.b.SimpleBrokerMessageHandler     : Starting...
2023-02-14 14:44:19.884  INFO 30184 --- [    Test worker] o.s.m.s.b.SimpleBrokerMessageHandler     : BrokerAvailabilityEvent[available=true, SimpleBrokerMessageHandler [org.springframework.messaging.simp.broker.DefaultSubscriptionRegistry@31c87223]]
2023-02-14 14:44:19.885  INFO 30184 --- [    Test worker] o.s.m.s.b.SimpleBrokerMessageHandler     : Started.
2023-02-14 14:44:19.902  INFO 30184 --- [    Test worker] c.s.s.ServiceTeam4444ApplicationTests    : Started ServiceTeam4444ApplicationTests in 16.577 seconds (JVM running for 19.303)
]]></system-out>
  <system-err><![CDATA[]]></system-err>
</testsuite>
