<?xml version="1.0" encoding="UTF-8"?>
<testsuite name="com.sparta.serviceteam4444.ServiceTeam4444ApplicationTests" tests="1" skipped="0" failures="0" errors="0" timestamp="2023-02-08T09:27:26" hostname="DESKTOP-43G9AKL" time="0.673">
  <properties/>
  <testcase name="contextLoads()" classname="com.sparta.serviceteam4444.ServiceTeam4444ApplicationTests" time="0.673"/>
  <system-out><![CDATA[18:27:08.004 [Test worker] DEBUG org.springframework.test.context.BootstrapUtils - Instantiating CacheAwareContextLoaderDelegate from class [org.springframework.test.context.cache.DefaultCacheAwareContextLoaderDelegate]
18:27:08.035 [Test worker] DEBUG org.springframework.test.context.BootstrapUtils - Instantiating BootstrapContext using constructor [public org.springframework.test.context.support.DefaultBootstrapContext(java.lang.Class,org.springframework.test.context.CacheAwareContextLoaderDelegate)]
18:27:08.133 [Test worker] DEBUG org.springframework.test.context.BootstrapUtils - Instantiating TestContextBootstrapper for test class [com.sparta.serviceteam4444.ServiceTeam4444ApplicationTests] from class [org.springframework.boot.test.context.SpringBootTestContextBootstrapper]
18:27:08.171 [Test worker] INFO org.springframework.boot.test.context.SpringBootTestContextBootstrapper - Neither @ContextConfiguration nor @ContextHierarchy found for test class [com.sparta.serviceteam4444.ServiceTeam4444ApplicationTests], using SpringBootContextLoader
18:27:08.187 [Test worker] DEBUG org.springframework.test.context.support.AbstractContextLoader - Did not detect default resource location for test class [com.sparta.serviceteam4444.ServiceTeam4444ApplicationTests]: class path resource [com/sparta/serviceteam4444/ServiceTeam4444ApplicationTests-context.xml] does not exist
18:27:08.189 [Test worker] DEBUG org.springframework.test.context.support.AbstractContextLoader - Did not detect default resource location for test class [com.sparta.serviceteam4444.ServiceTeam4444ApplicationTests]: class path resource [com/sparta/serviceteam4444/ServiceTeam4444ApplicationTestsContext.groovy] does not exist
18:27:08.189 [Test worker] INFO org.springframework.test.context.support.AbstractContextLoader - Could not detect default resource locations for test class [com.sparta.serviceteam4444.ServiceTeam4444ApplicationTests]: no resource found for suffixes {-context.xml, Context.groovy}.
18:27:08.191 [Test worker] INFO org.springframework.test.context.support.AnnotationConfigContextLoaderUtils - Could not detect default configuration classes for test class [com.sparta.serviceteam4444.ServiceTeam4444ApplicationTests]: ServiceTeam4444ApplicationTests does not declare any static, non-private, non-final, nested classes annotated with @Configuration.
18:27:08.299 [Test worker] DEBUG org.springframework.test.context.support.ActiveProfilesUtils - Could not find an 'annotation declaring class' for annotation type [org.springframework.test.context.ActiveProfiles] and class [com.sparta.serviceteam4444.ServiceTeam4444ApplicationTests]
18:27:08.447 [Test worker] DEBUG org.springframework.context.annotation.ClassPathScanningCandidateComponentProvider - Identified candidate component class: file [C:\study_spring\cocodingding\build\classes\java\main\com\sparta\serviceteam4444\ServiceTeam4444Application.class]
18:27:08.450 [Test worker] INFO org.springframework.boot.test.context.SpringBootTestContextBootstrapper - Found @SpringBootConfiguration com.sparta.serviceteam4444.ServiceTeam4444Application for test class com.sparta.serviceteam4444.ServiceTeam4444ApplicationTests
18:27:08.698 [Test worker] DEBUG org.springframework.boot.test.context.SpringBootTestContextBootstrapper - @TestExecutionListeners is not present for class [com.sparta.serviceteam4444.ServiceTeam4444ApplicationTests]: using defaults.
18:27:08.699 [Test worker] INFO org.springframework.boot.test.context.SpringBootTestContextBootstrapper - Loaded default TestExecutionListener class names from location [META-INF/spring.factories]: [org.springframework.security.test.context.support.WithSecurityContextTestExecutionListener, org.springframework.security.test.context.support.ReactorContextTestExecutionListener, org.springframework.boot.test.autoconfigure.restdocs.RestDocsTestExecutionListener, org.springframework.boot.test.autoconfigure.web.client.MockRestServiceServerResetTestExecutionListener, org.springframework.boot.test.autoconfigure.web.servlet.MockMvcPrintOnlyOnFailureTestExecutionListener, org.springframework.boot.test.autoconfigure.web.servlet.WebDriverTestExecutionListener, org.springframework.boot.test.autoconfigure.webservices.client.MockWebServiceServerTestExecutionListener, org.springframework.boot.test.mock.mockito.MockitoTestExecutionListener, org.springframework.boot.test.mock.mockito.ResetMocksTestExecutionListener, org.springframework.test.context.web.ServletTestExecutionListener, org.springframework.test.context.support.DirtiesContextBeforeModesTestExecutionListener, org.springframework.test.context.event.ApplicationEventsTestExecutionListener, org.springframework.test.context.support.DependencyInjectionTestExecutionListener, org.springframework.test.context.support.DirtiesContextTestExecutionListener, org.springframework.test.context.transaction.TransactionalTestExecutionListener, org.springframework.test.context.jdbc.SqlScriptsTestExecutionListener, org.springframework.test.context.event.EventPublishingTestExecutionListener]
18:27:08.768 [Test worker] INFO org.springframework.boot.test.context.SpringBootTestContextBootstrapper - Using TestExecutionListeners: [org.springframework.test.context.web.ServletTestExecutionListener@60d8c0dc, org.springframework.test.context.support.DirtiesContextBeforeModesTestExecutionListener@4204541c, org.springframework.test.context.event.ApplicationEventsTestExecutionListener@6a62689d, org.springframework.boot.test.mock.mockito.MockitoTestExecutionListener@4602c2a9, org.springframework.boot.test.autoconfigure.SpringBootDependencyInjectionTestExecutionListener@60fa3495, org.springframework.test.context.support.DirtiesContextTestExecutionListener@3e2822, org.springframework.test.context.transaction.TransactionalTestExecutionListener@79e18e38, org.springframework.test.context.jdbc.SqlScriptsTestExecutionListener@29a60c27, org.springframework.security.test.context.support.WithSecurityContextTestExecutionListener@1849db1a, org.springframework.test.context.event.EventPublishingTestExecutionListener@69c79f09, org.springframework.security.test.context.support.ReactorContextTestExecutionListener@1ca25c47, org.springframework.boot.test.autoconfigure.restdocs.RestDocsTestExecutionListener@5fcacc0, org.springframework.boot.test.autoconfigure.web.client.MockRestServiceServerResetTestExecutionListener@533b266e, org.springframework.boot.test.autoconfigure.web.servlet.MockMvcPrintOnlyOnFailureTestExecutionListener@6d1d4d7, org.springframework.boot.test.autoconfigure.web.servlet.WebDriverTestExecutionListener@89ff02e, org.springframework.boot.test.autoconfigure.webservices.client.MockWebServiceServerTestExecutionListener@6865c751, org.springframework.boot.test.mock.mockito.ResetMocksTestExecutionListener@62679465]
18:27:08.780 [Test worker] DEBUG org.springframework.test.context.support.AbstractDirtiesContextTestExecutionListener - Before test class: context [DefaultTestContext@495083a0 testClass = ServiceTeam4444ApplicationTests, testInstance = [null], testMethod = [null], testException = [null], mergedContextConfiguration = [WebMergedContextConfiguration@5fd62371 testClass = ServiceTeam4444ApplicationTests, locations = '{}', classes = '{class com.sparta.serviceteam4444.ServiceTeam4444Application}', contextInitializerClasses = '[]', activeProfiles = '{}', propertySourceLocations = '{}', propertySourceProperties = '{org.springframework.boot.test.context.SpringBootTestContextBootstrapper=true}', contextCustomizers = set[org.springframework.boot.test.autoconfigure.actuate.metrics.MetricsExportContextCustomizerFactory$DisableMetricExportContextCustomizer@4fad9bb2, org.springframework.boot.test.autoconfigure.properties.PropertyMappingContextCustomizer@0, org.springframework.boot.test.autoconfigure.web.servlet.WebDriverContextCustomizerFactory$Customizer@2e2ff723, org.springframework.boot.test.context.filter.ExcludeFilterContextCustomizer@17aad511, org.springframework.boot.test.json.DuplicateJsonObjectContextCustomizerFactory$DuplicateJsonObjectContextCustomizer@4612b856, org.springframework.boot.test.mock.mockito.MockitoContextCustomizer@0, org.springframework.boot.test.web.client.TestRestTemplateContextCustomizer@6d3c5255, org.springframework.boot.test.context.SpringBootTestArgs@1, org.springframework.boot.test.context.SpringBootTestWebEnvironment@4fb3ee4e], resourceBasePath = 'src/main/webapp', contextLoader = 'org.springframework.boot.test.context.SpringBootContextLoader', parent = [null]], attributes = map['org.springframework.test.context.web.ServletTestExecutionListener.activateListener' -> true]], class annotated with @DirtiesContext [false] with mode [null].

  .   ____          _            __ _ _
 /\\ / ___'_ __ _ _(_)_ __  __ _ \ \ \ \
( ( )\___ | '_ | '_| | '_ \/ _` | \ \ \ \
 \\/  ___)| |_)| | | | | || (_| |  ) ) ) )
  '  |____| .__|_| |_|_| |_\__, | / / / /
 =========|_|==============|___/=/_/_/_/
 :: Spring Boot ::                (v2.7.8)

2023-02-08 18:27:09.555  INFO 18756 --- [    Test worker] c.s.s.ServiceTeam4444ApplicationTests    : Starting ServiceTeam4444ApplicationTests using Java 17.0.5 on DESKTOP-43G9AKL with PID 18756 (started by 김현우 in C:\study_spring\cocodingding)
2023-02-08 18:27:09.557  INFO 18756 --- [    Test worker] c.s.s.ServiceTeam4444ApplicationTests    : The following 1 profile is active: "secret"
2023-02-08 18:27:12.041  INFO 18756 --- [    Test worker] .s.d.r.c.RepositoryConfigurationDelegate : Bootstrapping Spring Data JPA repositories in DEFAULT mode.
2023-02-08 18:27:12.322  INFO 18756 --- [    Test worker] .s.d.r.c.RepositoryConfigurationDelegate : Finished Spring Data repository scanning in 246 ms. Found 2 JPA repository interfaces.
2023-02-08 18:27:14.797  INFO 18756 --- [    Test worker] o.hibernate.jpa.internal.util.LogHelper  : HHH000204: Processing PersistenceUnitInfo [name: default]
2023-02-08 18:27:15.014  INFO 18756 --- [    Test worker] org.hibernate.Version                    : HHH000412: Hibernate ORM core version 5.6.14.Final
2023-02-08 18:27:15.593  INFO 18756 --- [    Test worker] o.hibernate.annotations.common.Version   : HCANN000001: Hibernate Commons Annotations {5.1.2.Final}
2023-02-08 18:27:15.990  INFO 18756 --- [    Test worker] com.zaxxer.hikari.HikariDataSource       : HikariPool-1 - Starting...
2023-02-08 18:27:16.711  INFO 18756 --- [    Test worker] com.zaxxer.hikari.HikariDataSource       : HikariPool-1 - Start completed.
2023-02-08 18:27:16.834  INFO 18756 --- [    Test worker] org.hibernate.dialect.Dialect            : HHH000400: Using dialect: org.hibernate.dialect.MySQL8Dialect
2023-02-08 18:27:18.891  INFO 18756 --- [    Test worker] o.h.e.t.j.p.i.JtaPlatformInitiator       : HHH000490: Using JtaPlatform implementation: [org.hibernate.engine.transaction.jta.platform.internal.NoJtaPlatform]
2023-02-08 18:27:18.917  INFO 18756 --- [    Test worker] j.LocalContainerEntityManagerFactoryBean : Initialized JPA EntityManagerFactory for persistence unit 'default'
2023-02-08 18:27:20.491  INFO 18756 --- [    Test worker] f.a.AutowiredAnnotationBeanPostProcessor : Autowired annotation is not supported on static fields: private static java.lang.String com.sparta.serviceteam4444.service.UserService.ADMIN_TOKEN
2023-02-08 18:27:21.523  WARN 18756 --- [    Test worker] JpaBaseConfiguration$JpaWebConfiguration : spring.jpa.open-in-view is enabled by default. Therefore, database queries may be performed during view rendering. Explicitly configure spring.jpa.open-in-view to disable this warning
2023-02-08 18:27:22.652  INFO 18756 --- [    Test worker] pertySourcedRequestMappingHandlerMapping : Mapped URL path [/v2/api-docs] onto method [springfox.documentation.swagger2.web.Swagger2Controller#getDocumentation(String, HttpServletRequest)]
2023-02-08 18:27:23.684  INFO 18756 --- [    Test worker] o.s.s.web.DefaultSecurityFilterChain     : Will secure any request with [org.springframework.security.web.session.DisableEncodeUrlFilter@4bc49d70, org.springframework.security.web.context.request.async.WebAsyncManagerIntegrationFilter@73543048, org.springframework.security.web.context.SecurityContextPersistenceFilter@f4aec23, org.springframework.security.web.header.HeaderWriterFilter@445d878c, org.springframework.web.filter.CorsFilter@1851f19f, org.springframework.security.web.authentication.logout.LogoutFilter@23d0f6be, com.sparta.serviceteam4444.jwt.JwtAuthFilter@33f3ebfc, org.springframework.security.web.savedrequest.RequestCacheAwareFilter@7053a864, org.springframework.security.web.servletapi.SecurityContextHolderAwareRequestFilter@282079b9, org.springframework.security.web.authentication.AnonymousAuthenticationFilter@5cb3cfef, org.springframework.security.web.session.SessionManagementFilter@121b7a95, org.springframework.security.web.access.ExceptionTranslationFilter@18b88f7, org.springframework.security.web.access.intercept.FilterSecurityInterceptor@1509bd56]
2023-02-08 18:27:23.699  WARN 18756 --- [    Test worker] o.s.s.c.a.web.builders.WebSecurity       : You are asking Spring Security to ignore org.springframework.boot.autoconfigure.security.servlet.PathRequest$H2ConsoleRequestMatcher@20ee660b. This is not recommended -- please use permitAll via HttpSecurity#authorizeHttpRequests instead.
2023-02-08 18:27:23.700  INFO 18756 --- [    Test worker] o.s.s.web.DefaultSecurityFilterChain     : Will not secure org.springframework.boot.autoconfigure.security.servlet.PathRequest$H2ConsoleRequestMatcher@20ee660b
2023-02-08 18:27:23.700  WARN 18756 --- [    Test worker] o.s.s.c.a.web.builders.WebSecurity       : You are asking Spring Security to ignore org.springframework.boot.autoconfigure.security.servlet.StaticResourceRequest$StaticResourceRequestMatcher@4d86f330. This is not recommended -- please use permitAll via HttpSecurity#authorizeHttpRequests instead.
2023-02-08 18:27:23.701  INFO 18756 --- [    Test worker] o.s.s.web.DefaultSecurityFilterChain     : Will not secure org.springframework.boot.autoconfigure.security.servlet.StaticResourceRequest$StaticResourceRequestMatcher@4d86f330
2023-02-08 18:27:26.115  INFO 18756 --- [    Test worker] d.s.w.p.DocumentationPluginsBootstrapper : Context refreshed
2023-02-08 18:27:26.189  INFO 18756 --- [    Test worker] d.s.w.p.DocumentationPluginsBootstrapper : Found 1 custom documentation plugin(s)
2023-02-08 18:27:26.295  INFO 18756 --- [    Test worker] s.d.s.w.s.ApiListingReferenceScanner     : Scanning for api listing references
2023-02-08 18:27:26.827  INFO 18756 --- [    Test worker] c.s.s.ServiceTeam4444ApplicationTests    : Started ServiceTeam4444ApplicationTests in 17.927 seconds (JVM running for 20.881)
]]></system-out>
  <system-err><![CDATA[]]></system-err>
</testsuite>
