<?xml version="1.0" encoding="UTF-8"?>
<testsuite name="com.sparta.serviceteam4444.ServiceTeam4444ApplicationTests" tests="1" skipped="0" failures="0" errors="0" timestamp="2023-02-06T15:24:26" hostname="DESKTOP-43G9AKL" time="0.433">
  <properties/>
  <testcase name="contextLoads()" classname="com.sparta.serviceteam4444.ServiceTeam4444ApplicationTests" time="0.433"/>
  <system-out><![CDATA[00:24:06.727 [Test worker] DEBUG org.springframework.test.context.BootstrapUtils - Instantiating CacheAwareContextLoaderDelegate from class [org.springframework.test.context.cache.DefaultCacheAwareContextLoaderDelegate]
00:24:06.760 [Test worker] DEBUG org.springframework.test.context.BootstrapUtils - Instantiating BootstrapContext using constructor [public org.springframework.test.context.support.DefaultBootstrapContext(java.lang.Class,org.springframework.test.context.CacheAwareContextLoaderDelegate)]
00:24:06.847 [Test worker] DEBUG org.springframework.test.context.BootstrapUtils - Instantiating TestContextBootstrapper for test class [com.sparta.serviceteam4444.ServiceTeam4444ApplicationTests] from class [org.springframework.boot.test.context.SpringBootTestContextBootstrapper]
00:24:06.872 [Test worker] INFO org.springframework.boot.test.context.SpringBootTestContextBootstrapper - Neither @ContextConfiguration nor @ContextHierarchy found for test class [com.sparta.serviceteam4444.ServiceTeam4444ApplicationTests], using SpringBootContextLoader
00:24:06.882 [Test worker] DEBUG org.springframework.test.context.support.AbstractContextLoader - Did not detect default resource location for test class [com.sparta.serviceteam4444.ServiceTeam4444ApplicationTests]: class path resource [com/sparta/serviceteam4444/ServiceTeam4444ApplicationTests-context.xml] does not exist
00:24:06.883 [Test worker] DEBUG org.springframework.test.context.support.AbstractContextLoader - Did not detect default resource location for test class [com.sparta.serviceteam4444.ServiceTeam4444ApplicationTests]: class path resource [com/sparta/serviceteam4444/ServiceTeam4444ApplicationTestsContext.groovy] does not exist
00:24:06.883 [Test worker] INFO org.springframework.test.context.support.AbstractContextLoader - Could not detect default resource locations for test class [com.sparta.serviceteam4444.ServiceTeam4444ApplicationTests]: no resource found for suffixes {-context.xml, Context.groovy}.
00:24:06.885 [Test worker] INFO org.springframework.test.context.support.AnnotationConfigContextLoaderUtils - Could not detect default configuration classes for test class [com.sparta.serviceteam4444.ServiceTeam4444ApplicationTests]: ServiceTeam4444ApplicationTests does not declare any static, non-private, non-final, nested classes annotated with @Configuration.
00:24:06.989 [Test worker] DEBUG org.springframework.test.context.support.ActiveProfilesUtils - Could not find an 'annotation declaring class' for annotation type [org.springframework.test.context.ActiveProfiles] and class [com.sparta.serviceteam4444.ServiceTeam4444ApplicationTests]
00:24:07.150 [Test worker] DEBUG org.springframework.context.annotation.ClassPathScanningCandidateComponentProvider - Identified candidate component class: file [C:\study_spring\cocodingding\build\classes\java\main\com\sparta\serviceteam4444\ServiceTeam4444Application.class]
00:24:07.156 [Test worker] INFO org.springframework.boot.test.context.SpringBootTestContextBootstrapper - Found @SpringBootConfiguration com.sparta.serviceteam4444.ServiceTeam4444Application for test class com.sparta.serviceteam4444.ServiceTeam4444ApplicationTests
00:24:07.434 [Test worker] DEBUG org.springframework.boot.test.context.SpringBootTestContextBootstrapper - @TestExecutionListeners is not present for class [com.sparta.serviceteam4444.ServiceTeam4444ApplicationTests]: using defaults.
00:24:07.435 [Test worker] INFO org.springframework.boot.test.context.SpringBootTestContextBootstrapper - Loaded default TestExecutionListener class names from location [META-INF/spring.factories]: [org.springframework.security.test.context.support.WithSecurityContextTestExecutionListener, org.springframework.security.test.context.support.ReactorContextTestExecutionListener, org.springframework.boot.test.autoconfigure.restdocs.RestDocsTestExecutionListener, org.springframework.boot.test.autoconfigure.web.client.MockRestServiceServerResetTestExecutionListener, org.springframework.boot.test.autoconfigure.web.servlet.MockMvcPrintOnlyOnFailureTestExecutionListener, org.springframework.boot.test.autoconfigure.web.servlet.WebDriverTestExecutionListener, org.springframework.boot.test.autoconfigure.webservices.client.MockWebServiceServerTestExecutionListener, org.springframework.boot.test.mock.mockito.MockitoTestExecutionListener, org.springframework.boot.test.mock.mockito.ResetMocksTestExecutionListener, org.springframework.test.context.web.ServletTestExecutionListener, org.springframework.test.context.support.DirtiesContextBeforeModesTestExecutionListener, org.springframework.test.context.event.ApplicationEventsTestExecutionListener, org.springframework.test.context.support.DependencyInjectionTestExecutionListener, org.springframework.test.context.support.DirtiesContextTestExecutionListener, org.springframework.test.context.transaction.TransactionalTestExecutionListener, org.springframework.test.context.jdbc.SqlScriptsTestExecutionListener, org.springframework.test.context.event.EventPublishingTestExecutionListener]
00:24:07.485 [Test worker] INFO org.springframework.boot.test.context.SpringBootTestContextBootstrapper - Using TestExecutionListeners: [org.springframework.test.context.web.ServletTestExecutionListener@2ce86164, org.springframework.test.context.support.DirtiesContextBeforeModesTestExecutionListener@5e8f9e2d, org.springframework.test.context.event.ApplicationEventsTestExecutionListener@51df223b, org.springframework.boot.test.mock.mockito.MockitoTestExecutionListener@fd46303, org.springframework.boot.test.autoconfigure.SpringBootDependencyInjectionTestExecutionListener@60d8c0dc, org.springframework.test.context.support.DirtiesContextTestExecutionListener@4204541c, org.springframework.test.context.transaction.TransactionalTestExecutionListener@6a62689d, org.springframework.test.context.jdbc.SqlScriptsTestExecutionListener@4602c2a9, org.springframework.security.test.context.support.WithSecurityContextTestExecutionListener@60fa3495, org.springframework.test.context.event.EventPublishingTestExecutionListener@3e2822, org.springframework.security.test.context.support.ReactorContextTestExecutionListener@79e18e38, org.springframework.boot.test.autoconfigure.restdocs.RestDocsTestExecutionListener@29a60c27, org.springframework.boot.test.autoconfigure.web.client.MockRestServiceServerResetTestExecutionListener@1849db1a, org.springframework.boot.test.autoconfigure.web.servlet.MockMvcPrintOnlyOnFailureTestExecutionListener@69c79f09, org.springframework.boot.test.autoconfigure.web.servlet.WebDriverTestExecutionListener@1ca25c47, org.springframework.boot.test.autoconfigure.webservices.client.MockWebServiceServerTestExecutionListener@5fcacc0, org.springframework.boot.test.mock.mockito.ResetMocksTestExecutionListener@533b266e]
00:24:07.496 [Test worker] DEBUG org.springframework.test.context.support.AbstractDirtiesContextTestExecutionListener - Before test class: context [DefaultTestContext@60bdf15d testClass = ServiceTeam4444ApplicationTests, testInstance = [null], testMethod = [null], testException = [null], mergedContextConfiguration = [WebMergedContextConfiguration@47da3952 testClass = ServiceTeam4444ApplicationTests, locations = '{}', classes = '{class com.sparta.serviceteam4444.ServiceTeam4444Application}', contextInitializerClasses = '[]', activeProfiles = '{}', propertySourceLocations = '{}', propertySourceProperties = '{org.springframework.boot.test.context.SpringBootTestContextBootstrapper=true}', contextCustomizers = set[org.springframework.boot.test.autoconfigure.actuate.metrics.MetricsExportContextCustomizerFactory$DisableMetricExportContextCustomizer@66ac5762, org.springframework.boot.test.autoconfigure.properties.PropertyMappingContextCustomizer@0, org.springframework.boot.test.autoconfigure.web.servlet.WebDriverContextCustomizerFactory$Customizer@6aa3a905, org.springframework.boot.test.context.filter.ExcludeFilterContextCustomizer@324a0017, org.springframework.boot.test.json.DuplicateJsonObjectContextCustomizerFactory$DuplicateJsonObjectContextCustomizer@487db668, org.springframework.boot.test.mock.mockito.MockitoContextCustomizer@0, org.springframework.boot.test.web.client.TestRestTemplateContextCustomizer@126945f9, org.springframework.boot.test.context.SpringBootTestArgs@1, org.springframework.boot.test.context.SpringBootTestWebEnvironment@618425b5], resourceBasePath = 'src/main/webapp', contextLoader = 'org.springframework.boot.test.context.SpringBootContextLoader', parent = [null]], attributes = map['org.springframework.test.context.web.ServletTestExecutionListener.activateListener' -> true]], class annotated with @DirtiesContext [false] with mode [null].

  .   ____          _            __ _ _
 /\\ / ___'_ __ _ _(_)_ __  __ _ \ \ \ \
( ( )\___ | '_ | '_| | '_ \/ _` | \ \ \ \
 \\/  ___)| |_)| | | | | || (_| |  ) ) ) )
  '  |____| .__|_| |_|_| |_\__, | / / / /
 =========|_|==============|___/=/_/_/_/
 :: Spring Boot ::                (v2.7.8)

2023-02-07 00:24:08.209  INFO 39464 --- [    Test worker] c.s.s.ServiceTeam4444ApplicationTests    : Starting ServiceTeam4444ApplicationTests using Java 17.0.5 on DESKTOP-43G9AKL with PID 39464 (started by 김현우 in C:\study_spring\cocodingding)
2023-02-07 00:24:08.212  INFO 39464 --- [    Test worker] c.s.s.ServiceTeam4444ApplicationTests    : The following 1 profile is active: "secret"
2023-02-07 00:24:10.803  INFO 39464 --- [    Test worker] .s.d.r.c.RepositoryConfigurationDelegate : Bootstrapping Spring Data JPA repositories in DEFAULT mode.
2023-02-07 00:24:10.994  INFO 39464 --- [    Test worker] .s.d.r.c.RepositoryConfigurationDelegate : Finished Spring Data repository scanning in 169 ms. Found 1 JPA repository interfaces.
2023-02-07 00:24:12.636  INFO 39464 --- [    Test worker] com.zaxxer.hikari.HikariDataSource       : HikariPool-1 - Starting...
2023-02-07 00:24:13.243  INFO 39464 --- [    Test worker] com.zaxxer.hikari.HikariDataSource       : HikariPool-1 - Start completed.
2023-02-07 00:24:13.498  INFO 39464 --- [    Test worker] o.hibernate.jpa.internal.util.LogHelper  : HHH000204: Processing PersistenceUnitInfo [name: default]
2023-02-07 00:24:13.689  INFO 39464 --- [    Test worker] org.hibernate.Version                    : HHH000412: Hibernate ORM core version 5.6.14.Final
2023-02-07 00:24:14.203  INFO 39464 --- [    Test worker] o.hibernate.annotations.common.Version   : HCANN000001: Hibernate Commons Annotations {5.1.2.Final}
2023-02-07 00:24:14.600  INFO 39464 --- [    Test worker] org.hibernate.dialect.Dialect            : HHH000400: Using dialect: org.hibernate.dialect.H2Dialect
2023-02-07 00:24:16.739  INFO 39464 --- [    Test worker] o.h.e.t.j.p.i.JtaPlatformInitiator       : HHH000490: Using JtaPlatform implementation: [org.hibernate.engine.transaction.jta.platform.internal.NoJtaPlatform]
2023-02-07 00:24:16.841  INFO 39464 --- [    Test worker] j.LocalContainerEntityManagerFactoryBean : Initialized JPA EntityManagerFactory for persistence unit 'default'
2023-02-07 00:24:19.894  INFO 39464 --- [    Test worker] f.a.AutowiredAnnotationBeanPostProcessor : Autowired annotation is not supported on static fields: private static java.lang.String com.sparta.serviceteam4444.user.service.UserService.ADMIN_TOKEN
2023-02-07 00:24:21.105  WARN 39464 --- [    Test worker] JpaBaseConfiguration$JpaWebConfiguration : spring.jpa.open-in-view is enabled by default. Therefore, database queries may be performed during view rendering. Explicitly configure spring.jpa.open-in-view to disable this warning
2023-02-07 00:24:21.509  INFO 39464 --- [    Test worker] o.s.b.a.h2.H2ConsoleAutoConfiguration    : H2 console available at '/h2-console'. Database available at 'jdbc:h2:mem:db'
2023-02-07 00:24:22.348  INFO 39464 --- [    Test worker] pertySourcedRequestMappingHandlerMapping : Mapped URL path [/v2/api-docs] onto method [springfox.documentation.swagger2.web.Swagger2Controller#getDocumentation(String, HttpServletRequest)]
2023-02-07 00:24:23.215  INFO 39464 --- [    Test worker] o.s.s.web.DefaultSecurityFilterChain     : Will secure any request with [org.springframework.security.web.session.DisableEncodeUrlFilter@17b9c9ff, org.springframework.security.web.context.request.async.WebAsyncManagerIntegrationFilter@7b45f7ef, org.springframework.security.web.context.SecurityContextPersistenceFilter@70fcd3e5, org.springframework.security.web.header.HeaderWriterFilter@186e254, org.springframework.web.filter.CorsFilter@5da41d02, org.springframework.security.web.authentication.logout.LogoutFilter@39d37da8, com.sparta.serviceteam4444.jwt.JwtAuthFilter@17d837ab, org.springframework.security.web.savedrequest.RequestCacheAwareFilter@492a220e, org.springframework.security.web.servletapi.SecurityContextHolderAwareRequestFilter@5f5fb335, org.springframework.security.web.authentication.AnonymousAuthenticationFilter@4e77f29e, org.springframework.security.web.session.SessionManagementFilter@3a22d69f, org.springframework.security.web.access.ExceptionTranslationFilter@797ca322, org.springframework.security.web.access.intercept.FilterSecurityInterceptor@3c98eaa9]
2023-02-07 00:24:23.244  WARN 39464 --- [    Test worker] o.s.s.c.a.web.builders.WebSecurity       : You are asking Spring Security to ignore org.springframework.boot.autoconfigure.security.servlet.PathRequest$H2ConsoleRequestMatcher@21ebf9be. This is not recommended -- please use permitAll via HttpSecurity#authorizeHttpRequests instead.
2023-02-07 00:24:23.245  INFO 39464 --- [    Test worker] o.s.s.web.DefaultSecurityFilterChain     : Will not secure org.springframework.boot.autoconfigure.security.servlet.PathRequest$H2ConsoleRequestMatcher@21ebf9be
2023-02-07 00:24:23.246  WARN 39464 --- [    Test worker] o.s.s.c.a.web.builders.WebSecurity       : You are asking Spring Security to ignore org.springframework.boot.autoconfigure.security.servlet.StaticResourceRequest$StaticResourceRequestMatcher@86e8469. This is not recommended -- please use permitAll via HttpSecurity#authorizeHttpRequests instead.
2023-02-07 00:24:23.247  INFO 39464 --- [    Test worker] o.s.s.web.DefaultSecurityFilterChain     : Will not secure org.springframework.boot.autoconfigure.security.servlet.StaticResourceRequest$StaticResourceRequestMatcher@86e8469
2023-02-07 00:24:25.820  INFO 39464 --- [    Test worker] d.s.w.p.DocumentationPluginsBootstrapper : Context refreshed
2023-02-07 00:24:25.895  INFO 39464 --- [    Test worker] d.s.w.p.DocumentationPluginsBootstrapper : Found 1 custom documentation plugin(s)
2023-02-07 00:24:25.981  INFO 39464 --- [    Test worker] s.d.s.w.s.ApiListingReferenceScanner     : Scanning for api listing references
2023-02-07 00:24:26.327  INFO 39464 --- [    Test worker] c.s.s.ServiceTeam4444ApplicationTests    : Started ServiceTeam4444ApplicationTests in 18.735 seconds (JVM running for 21.515)
]]></system-out>
  <system-err><![CDATA[]]></system-err>
</testsuite>
